2026-03-02 12:41:04,122 - MAYA - INFO - Setting up environment...
2026-03-02 12:41:04,129 - MAYA - INFO - Initializing services...
2026-03-02 12:41:04,186 - MAYA - INFO - Access points:
2026-03-02 12:41:04,186 - MAYA - INFO - - Health Check: http://localhost:3000/health
2026-03-02 12:41:04,186 - MAYA - INFO - - API Info: http://localhost:3000/api
2026-03-02 12:41:04,187 - MAYA - INFO - - RunPod Status: http://localhost:3000/api/runpod/status
2026-03-02 12:41:04,187 - MAYA - INFO - - Social Media Schedule: POST to /api/social-media/schedule
2026-03-02 12:41:04,188 - MAYA - INFO - - Analytics: http://localhost:3000/api/analytics/overview
2026-03-02 12:41:04,188 - MAYA - INFO - - Evolution Status: http://localhost:3000/api/evolution/status
2026-03-02 12:41:04,217 - MAYA - INFO - Evolving content strategy...
2026-03-02 12:41:04,222 - MAYA - INFO - Optimizing posting schedule...
2026-03-02 12:41:04,225 - MAYA - INFO - Synthesizing new skills...
2026-03-02 12:41:04,232 - MAYA - INFO - Analyzing performance metrics...
2026-03-02 12:41:04,236 - MAYA - INFO - Improving algorithms...
2026-03-02 12:41:04,245 - MAYA - INFO - Adapting to changes...
2026-03-02 12:43:05,082 - MAYA - INFO - Received signal 2, initiating shutdown...
2026-03-05 00:45:31,440 - MAYA - INFO - Setting up environment...
2026-03-05 00:45:31,443 - MAYA - INFO - Initializing services...
2026-03-05 00:45:31,462 - MAYA - INFO - Access points:
2026-03-05 00:45:31,462 - MAYA - INFO - - Health Check: http://localhost:3000/health
2026-03-05 00:45:31,465 - MAYA - INFO - - API Info: http://localhost:3000/api
2026-03-05 00:45:31,465 - MAYA - INFO - - RunPod Status: http://localhost:3000/api/runpod/status
2026-03-05 00:45:31,466 - MAYA - INFO - - Social Media Schedule: POST to /api/social-media/schedule
2026-03-05 00:45:31,466 - MAYA - INFO - - Analytics: http://localhost:3000/api/analytics/overview
2026-03-05 00:45:31,466 - MAYA - INFO - - Evolution Status: http://localhost:3000/api/evolution/status
2026-03-05 00:45:31,466 - MAYA - INFO - Evolving content strategy...
2026-03-05 00:45:31,466 - MAYA - INFO - Optimizing posting schedule...
2026-03-05 00:45:31,472 - MAYA - INFO - Synthesizing new skills...
2026-03-05 00:45:31,475 - MAYA - INFO - Analyzing performance metrics...
2026-03-05 00:45:31,476 - MAYA - INFO - Improving algorithms...
2026-03-05 00:45:31,478 - MAYA - INFO - Adapting to changes...
2026-03-05 00:46:10,531 - MAYA - INFO - Setting up environment...
2026-03-05 00:46:10,533 - MAYA - INFO - Initializing services...
2026-03-05 00:46:10,547 - MAYA - INFO - Access points:
2026-03-05 00:46:10,547 - MAYA - INFO - - Health Check: http://localhost:3000/health
2026-03-05 00:46:10,547 - MAYA - INFO - - API Info: http://localhost:3000/api
2026-03-05 00:46:10,547 - MAYA - INFO - - RunPod Status: http://localhost:3000/api/runpod/status
2026-03-05 00:46:10,547 - MAYA - INFO - - Social Media Schedule: POST to /api/social-media/schedule
2026-03-05 00:46:10,547 - MAYA - INFO - - Analytics: http://localhost:3000/api/analytics/overview
2026-03-05 00:46:10,547 - MAYA - INFO - - Evolution Status: http://localhost:3000/api/evolution/status
2026-03-05 00:46:10,549 - MAYA - INFO - Evolving content strategy...
2026-03-05 00:46:10,551 - MAYA - INFO - Optimizing posting schedule...
2026-03-05 00:46:10,553 - MAYA - INFO - Synthesizing new skills...
2026-03-05 00:46:10,555 - MAYA - INFO - Analyzing performance metrics...
2026-03-05 00:46:10,556 - MAYA - INFO - Improving algorithms...
2026-03-05 00:46:10,558 - MAYA - INFO - Adapting to changes...
2026-03-05 00:46:13,584 - MAYA - INFO - Received signal 2, initiating shutdown...
2026-03-05 00:46:22,583 - MAYA - INFO - Health check completed
